app/build/intermediates/manifest_merge_blame_file/debug/manifest-merger-blame-debug-report.txt
1<?xml version="1.0" encoding="utf-8"?>
2<manifest xmlns:android="http://schemas.android.com/apk/res/android"
3    package="com.example.myapplication"
4    android:versionCode="1"
5    android:versionName="1.0" >
6
7    <uses-sdk
8        android:minSdkVersion="14"
8-->src\main\AndroidManifest.xml
9        android:targetSdkVersion="28" />
9-->src\main\AndroidManifest.xml
10
11    <uses-permission android:name="android.permission.INTERNET" />
11-->src\main\AndroidManifest.xml:6:5-67
11-->src\main\AndroidManifest.xml:6:22-64
12    <uses-permission android:name="android.permission.ACCESS_NETWORK_STATE" />
12-->src\main\AndroidManifest.xml:7:5-79
12-->src\main\AndroidManifest.xml:7:22-76
13    <uses-permission android:name="android.permission.ACCESS_WIFI_STATE" />
13-->src\main\AndroidManifest.xml:8:5-76
13-->src\main\AndroidManifest.xml:8:22-73
14    <uses-permission android:name="android.permission.CAMERA" />
14-->src\main\AndroidManifest.xml:9:5-65
14-->src\main\AndroidManifest.xml:9:22-62
15    <uses-permission android:name="android.hardware.camera" />
15-->src\main\AndroidManifest.xml:10:5-63
15-->src\main\AndroidManifest.xml:10:22-60
16    <uses-permission android:name="android.hardware.camera.autofocus" />
16-->src\main\AndroidManifest.xml:11:5-73
16-->src\main\AndroidManifest.xml:11:22-70
17
18    <!-- Don't require camera, as this requires a rear camera. This allows it to work on the Nexus 7 -->
19    <uses-feature
19-->[com.journeyapps:zxing-android-embedded:3.2.0] AndroidManifest.xml:24:5-26:36
20        android:name="android.hardware.camera"
20-->[com.journeyapps:zxing-android-embedded:3.2.0] AndroidManifest.xml:25:9-47
21        android:required="false" />
21-->[com.journeyapps:zxing-android-embedded:3.2.0] AndroidManifest.xml:26:9-33
22    <uses-feature
22-->[com.journeyapps:zxing-android-embedded:3.2.0] AndroidManifest.xml:27:5-29:36
23        android:name="android.hardware.camera.front"
23-->[com.journeyapps:zxing-android-embedded:3.2.0] AndroidManifest.xml:28:9-53
24        android:required="false" /> <!-- TODO replace above two with next line after Android 4.2 -->
24-->[com.journeyapps:zxing-android-embedded:3.2.0] AndroidManifest.xml:29:9-33
25    <!-- <uses-feature android:name="android.hardware.camera.any"/> -->
26    <uses-feature
26-->[com.journeyapps:zxing-android-embedded:3.2.0] AndroidManifest.xml:32:5-34:36
27        android:name="android.hardware.camera.autofocus"
27-->[com.journeyapps:zxing-android-embedded:3.2.0] AndroidManifest.xml:33:9-57
28        android:required="false" />
28-->[com.journeyapps:zxing-android-embedded:3.2.0] AndroidManifest.xml:34:9-33
29    <uses-feature
29-->[com.journeyapps:zxing-android-embedded:3.2.0] AndroidManifest.xml:35:5-37:36
30        android:name="android.hardware.camera.flash"
30-->[com.journeyapps:zxing-android-embedded:3.2.0] AndroidManifest.xml:36:9-53
31        android:required="false" />
31-->[com.journeyapps:zxing-android-embedded:3.2.0] AndroidManifest.xml:37:9-33
32    <uses-feature
32-->[com.journeyapps:zxing-android-embedded:3.2.0] AndroidManifest.xml:38:5-40:36
33        android:name="android.hardware.screen.landscape"
33-->[com.journeyapps:zxing-android-embedded:3.2.0] AndroidManifest.xml:39:9-57
34        android:required="false" />
34-->[com.journeyapps:zxing-android-embedded:3.2.0] AndroidManifest.xml:40:9-33
35    <uses-feature
35-->[com.journeyapps:zxing-android-embedded:3.2.0] AndroidManifest.xml:41:5-43:36
36        android:name="android.hardware.wifi"
36-->[com.journeyapps:zxing-android-embedded:3.2.0] AndroidManifest.xml:42:9-45
37        android:required="false" />
37-->[com.journeyapps:zxing-android-embedded:3.2.0] AndroidManifest.xml:43:9-33
38
39    <application
39-->src\main\AndroidManifest.xml:13:5-76:19
40        android:allowBackup="true"
40-->src\main\AndroidManifest.xml:14:9-35
41        android:appComponentFactory="android.support.v4.app.CoreComponentFactory"
41-->[com.android.support:support-compat:28.0.0] AndroidManifest.xml:22:18-91
42        android:debuggable="true"
43        android:label="@string/app_name"
43-->src\main\AndroidManifest.xml:15:9-41
44        android:supportsRtl="true"
44-->src\main\AndroidManifest.xml:16:9-35
45        android:testOnly="true"
46        android:theme="@style/AppTheme" >
46-->src\main\AndroidManifest.xml:17:9-40
47        <activity android:name="com.example.myapplication.List1Activity" />
47-->src\main\AndroidManifest.xml:19:9-60
47-->src\main\AndroidManifest.xml:19:19-48
48        <activity android:name="com.example.myapplication.InvListItems" />
48-->src\main\AndroidManifest.xml:20:9-50
48-->src\main\AndroidManifest.xml:20:19-47
49        <activity android:name="com.example.myapplication.AssignCode" />
49-->src\main\AndroidManifest.xml:21:9-48
49-->src\main\AndroidManifest.xml:21:19-45
50        <activity android:name="com.example.myapplication.CreateOrAppend" />
50-->src\main\AndroidManifest.xml:22:9-52
50-->src\main\AndroidManifest.xml:22:19-49
51        <activity android:name="com.example.myapplication.updateProductCount" />
51-->src\main\AndroidManifest.xml:23:9-56
51-->src\main\AndroidManifest.xml:23:19-53
52        <activity android:name="com.example.myapplication.ScanCodeFound" />
52-->src\main\AndroidManifest.xml:24:9-51
52-->src\main\AndroidManifest.xml:24:19-48
53        <activity
53-->src\main\AndroidManifest.xml:25:9-33:20
54            android:name="com.example.myapplication.add_inventory"
54-->src\main\AndroidManifest.xml:26:13-42
55            android:label="@string/title_activity_add_inventory"
55-->src\main\AndroidManifest.xml:27:13-65
56            android:parentActivityName="com.example.myapplication.AddInventory"
56-->src\main\AndroidManifest.xml:28:13-55
57            android:theme="@style/AppTheme.NoActionBar" >
57-->src\main\AndroidManifest.xml:29:13-56
58            <meta-data
58-->src\main\AndroidManifest.xml:30:13-32:74
59                android:name="android.support.PARENT_ACTIVITY"
59-->src\main\AndroidManifest.xml:31:17-63
60                android:value="com.example.myapplication.AddInventory" />
60-->src\main\AndroidManifest.xml:32:17-71
61        </activity>
62        <activity android:name="com.example.myapplication.editaccount" />
62-->src\main\AndroidManifest.xml:34:9-49
62-->src\main\AndroidManifest.xml:34:19-46
63        <activity android:name="com.example.myapplication.Main_Signup" />
63-->src\main\AndroidManifest.xml:35:9-49
63-->src\main\AndroidManifest.xml:35:19-46
64        <activity android:name="com.example.myapplication.reports" />
64-->src\main\AndroidManifest.xml:36:9-45
64-->src\main\AndroidManifest.xml:36:19-42
65        <activity android:name="com.example.myapplication.managephysicalcount" />
65-->src\main\AndroidManifest.xml:37:9-57
65-->src\main\AndroidManifest.xml:37:19-54
66        <activity android:name="com.example.myapplication.managesysteminventory" />
66-->src\main\AndroidManifest.xml:38:9-59
66-->src\main\AndroidManifest.xml:38:19-56
67        <activity android:name="com.example.myapplication.manageusers" />
67-->src\main\AndroidManifest.xml:39:9-49
67-->src\main\AndroidManifest.xml:39:19-46
68        <activity android:name="com.example.myapplication.Managecompany" />
68-->src\main\AndroidManifest.xml:40:9-51
68-->src\main\AndroidManifest.xml:40:19-48
69        <activity
69-->src\main\AndroidManifest.xml:41:9-44:59
70            android:name="com.example.myapplication.signupcompany"
70-->src\main\AndroidManifest.xml:42:13-42
71            android:label="@string/title_activity_signupcompany"
71-->src\main\AndroidManifest.xml:43:13-65
72            android:theme="@style/AppTheme.NoActionBar" />
72-->src\main\AndroidManifest.xml:44:13-56
73        <activity
73-->src\main\AndroidManifest.xml:45:9-48:59
74            android:name="com.example.myapplication.userpanel"
74-->src\main\AndroidManifest.xml:46:13-38
75            android:label="@string/title_activity_userpanel"
75-->src\main\AndroidManifest.xml:47:13-61
76            android:theme="@style/AppTheme.NoActionBar" />
76-->src\main\AndroidManifest.xml:48:13-56
77        <activity
77-->src\main\AndroidManifest.xml:49:9-52:59
78            android:name="com.example.myapplication.adminpanel"
78-->src\main\AndroidManifest.xml:50:13-39
79            android:label="@string/title_activity_adminpanel"
79-->src\main\AndroidManifest.xml:51:13-62
80            android:theme="@style/AppTheme.NoActionBar" />
80-->src\main\AndroidManifest.xml:52:13-56
81        <activity
81-->src\main\AndroidManifest.xml:53:9-56:59
82            android:name="com.example.myapplication.ownerpanel"
82-->src\main\AndroidManifest.xml:54:13-39
83            android:label="@string/title_activity_ownerpanel"
83-->src\main\AndroidManifest.xml:55:13-62
84            android:theme="@style/AppTheme.NoActionBar" />
84-->src\main\AndroidManifest.xml:56:13-56
85        <activity
85-->src\main\AndroidManifest.xml:57:9-60:59
86            android:name="com.example.myapplication.personal_infoActivity"
86-->src\main\AndroidManifest.xml:58:13-50
87            android:label="@string/title_activity_personal_info"
87-->src\main\AndroidManifest.xml:59:13-65
88            android:theme="@style/AppTheme.NoActionBar" />
88-->src\main\AndroidManifest.xml:60:13-56
89        <activity
89-->src\main\AndroidManifest.xml:61:9-64:59
90            android:name="com.example.myapplication.signupActivity"
90-->src\main\AndroidManifest.xml:62:13-43
91            android:label="@string/title_activity_signup"
91-->src\main\AndroidManifest.xml:63:13-58
92            android:theme="@style/AppTheme.NoActionBar" />
92-->src\main\AndroidManifest.xml:64:13-56
93        <activity android:name="com.example.myapplication.manage_inventory" >
93-->src\main\AndroidManifest.xml:65:9-71:20
93-->src\main\AndroidManifest.xml:65:19-51
94            <intent-filter>
94-->src\main\AndroidManifest.xml:66:13-70:29
95                <action android:name="android.intent.action.MAIN" />
95-->src\main\AndroidManifest.xml:67:17-69
95-->src\main\AndroidManifest.xml:67:25-66
96
97                <category android:name="android.intent.category.LAUNCHER" />
97-->src\main\AndroidManifest.xml:69:17-77
97-->src\main\AndroidManifest.xml:69:27-74
98            </intent-filter>
99        </activity>
100        <activity
100-->src\main\AndroidManifest.xml:72:9-75:47
101            android:name="com.example.myapplication.login.Login"
101-->src\main\AndroidManifest.xml:73:13-40
102            android:label="@string/title_activity_login"
102-->src\main\AndroidManifest.xml:74:13-57
103            android:theme="@style/AppTheme" />
103-->src\main\AndroidManifest.xml:75:13-44
104        <activity
104-->[com.journeyapps:zxing-android-embedded:3.2.0] AndroidManifest.xml:46:9-52:63
105            android:name="com.journeyapps.barcodescanner.CaptureActivity"
105-->[com.journeyapps:zxing-android-embedded:3.2.0] AndroidManifest.xml:47:13-74
106            android:clearTaskOnLaunch="true"
106-->[com.journeyapps:zxing-android-embedded:3.2.0] AndroidManifest.xml:48:13-45
107            android:screenOrientation="sensorLandscape"
107-->[com.journeyapps:zxing-android-embedded:3.2.0] AndroidManifest.xml:49:13-56
108            android:stateNotNeeded="true"
108-->[com.journeyapps:zxing-android-embedded:3.2.0] AndroidManifest.xml:50:13-42
109            android:theme="@style/zxing_CaptureTheme"
109-->[com.journeyapps:zxing-android-embedded:3.2.0] AndroidManifest.xml:51:13-54
110            android:windowSoftInputMode="stateAlwaysHidden" />
110-->[com.journeyapps:zxing-android-embedded:3.2.0] AndroidManifest.xml:52:13-60
111    </application>
112
113</manifest>